<?xml version="1.0" encoding="UTF-8"?>
<!-- Generated by org.testng.reporters.JUnitReportReporter -->
<testsuite hostname="john-PC" name="testRunner.Runner" tests="1" failures="0" timestamp="30 Jan 2020 14:00:30 GMT" time="101.446" errors="0">
  <testcase name="feature" time="101.446" classname="testRunner.Runner"/>
</testsuite> <!-- testRunner.Runner -->
